<?xml version="1.0" encoding="UTF-8"?>
<testng-results ignored="0" total="1" passed="1" failed="0" skipped="0">
  <reporter-output>
  </reporter-output>
  <suite started-at="2023-01-17T10:40:41 CST" name="Default suite" finished-at="2023-01-17T10:40:46 CST" duration-ms="4800">
    <groups>
    </groups>
    <test started-at="2023-01-17T10:40:41 CST" name="Default test" finished-at="2023-01-17T10:40:46 CST" duration-ms="4800">
      <class name="test.AddCustomerTest">
        <test-method signature="validCustomerShouldBeAbleToCreatCustomer()[pri:0, instance:test.AddCustomerTest@7690781]" started-at="2023-01-17T10:40:41 CST" name="validCustomerShouldBeAbleToCreatCustomer" finished-at="2023-01-17T10:40:46 CST" duration-ms="4763" status="PASS">
          <reporter-output>
          </reporter-output>
        </test-method> <!-- validCustomerShouldBeAbleToCreatCustomer -->
      </class> <!-- test.AddCustomerTest -->
    </test> <!-- Default test -->
  </suite> <!-- Default suite -->
</testng-results>
